<?xml version="1.0" encoding="UTF-8"?>
<robot generator="Robot 3.2.2 (Python 3.8.3 on win32)" generated="20210226 15:48:28.949" rpa="false">
<suite id="s1" name="PortalLogin" source="C:\Users\mabassra\PycharmProjects\AirCourier\Tests\FunctionalTest\Login\PortalLogin.robot">
<test id="s1-t1" name="This is CNS portal login to access Air Courier application">
<kw name="Start Test" library="ChromeBrowserFunctionality" type="setup">
<kw name="Open Browser" library="SeleniumLibrary">
<doc>Opens a new browser instance to the optional ``url``.</doc>
<arguments>
<arg>${url.${env}}</arg>
<arg>${browser.${brow}}</arg>
</arguments>
<msg timestamp="20210226 15:48:29.464" level="INFO">Opening browser 'Chrome' to base url 'https://www.euat.cnsonline.co.uk/sso/sign-in'.</msg>
<status status="PASS" starttime="20210226 15:48:29.464" endtime="20210226 15:48:34.004"></status>
</kw>
<kw name="Maximize Browser Window" library="SeleniumLibrary">
<doc>Maximizes current browser window.</doc>
<status status="PASS" starttime="20210226 15:48:34.004" endtime="20210226 15:48:34.121"></status>
</kw>
<kw name="Sleep" library="BuiltIn">
<doc>Pauses the test executed for the given time.</doc>
<arguments>
<arg>2s</arg>
</arguments>
<msg timestamp="20210226 15:48:36.123" level="INFO">Slept 2 seconds</msg>
<status status="PASS" starttime="20210226 15:48:34.122" endtime="20210226 15:48:36.123"></status>
</kw>
<status status="PASS" starttime="20210226 15:48:29.463" endtime="20210226 15:48:36.123"></status>
</kw>
<kw name="Login Portal Steps" library="CNSPortal_LoginKeywords">
<kw name="Input Text" library="SeleniumLibrary">
<doc>Types the given ``text`` into the text field identified by ``locator``.</doc>
<arguments>
<arg>//*[@id="sso_username"]</arg>
<arg>${user_name.${user}}</arg>
</arguments>
<msg timestamp="20210226 15:48:36.124" level="INFO">Typing text 'cnsadmin2' into text field '//*[@id="sso_username"]'.</msg>
<status status="PASS" starttime="20210226 15:48:36.124" endtime="20210226 15:48:36.180"></status>
</kw>
<kw name="Sleep" library="BuiltIn">
<doc>Pauses the test executed for the given time.</doc>
<arguments>
<arg>2s</arg>
</arguments>
<msg timestamp="20210226 15:48:38.181" level="INFO">Slept 2 seconds</msg>
<status status="PASS" starttime="20210226 15:48:36.180" endtime="20210226 15:48:38.181"></status>
</kw>
<kw name="Input Password" library="SeleniumLibrary">
<doc>Types the given password into the text field identified by ``locator``.</doc>
<arguments>
<arg>//*[@id="sso_password"]</arg>
<arg>${password.${pass}}</arg>
</arguments>
<msg timestamp="20210226 15:48:38.181" level="INFO">Typing password into text field '//*[@id="sso_password"]'.</msg>
<msg timestamp="20210226 15:48:38.211" level="INFO">Temporally setting log level to: NONE</msg>
<msg timestamp="20210226 15:48:38.247" level="INFO">Log level changed from NONE to INFO.</msg>
<status status="PASS" starttime="20210226 15:48:38.181" endtime="20210226 15:48:38.247"></status>
</kw>
<kw name="Sleep" library="BuiltIn">
<doc>Pauses the test executed for the given time.</doc>
<arguments>
<arg>2s</arg>
</arguments>
<msg timestamp="20210226 15:48:40.250" level="INFO">Slept 2 seconds</msg>
<status status="PASS" starttime="20210226 15:48:38.248" endtime="20210226 15:48:40.250"></status>
</kw>
<kw name="Click Element" library="SeleniumLibrary">
<doc>Click the element identified by ``locator``.</doc>
<arguments>
<arg>//*[@id="signinButton"]</arg>
</arguments>
<msg timestamp="20210226 15:48:40.250" level="INFO">Clicking element '//*[@id="signinButton"]'.</msg>
<status status="PASS" starttime="20210226 15:48:40.250" endtime="20210226 15:48:41.372"></status>
</kw>
<kw name="Sleep" library="BuiltIn">
<doc>Pauses the test executed for the given time.</doc>
<arguments>
<arg>4s</arg>
</arguments>
<msg timestamp="20210226 15:48:45.374" level="INFO">Slept 4 seconds</msg>
<status status="PASS" starttime="20210226 15:48:41.373" endtime="20210226 15:48:45.374"></status>
</kw>
<status status="PASS" starttime="20210226 15:48:36.123" endtime="20210226 15:48:45.375"></status>
</kw>
<kw name="Verify Test Results" library="CNSPortal_LoginKeywords">
<kw name="Wait Until Page Contains Element" library="SeleniumLibrary">
<doc>Waits until the element ``locator`` appears on the current page.</doc>
<arguments>
<arg>//*[@id="apps"]/div/div[1]/a/div[2]/h4</arg>
</arguments>
<status status="PASS" starttime="20210226 15:48:45.378" endtime="20210226 15:48:45.395"></status>
</kw>
<status status="PASS" starttime="20210226 15:48:45.376" endtime="20210226 15:48:45.395"></status>
</kw>
<kw name="Finish Test" library="ChromeBrowserFunctionality" type="teardown">
<kw name="Close Browser" library="SeleniumLibrary">
<doc>Closes the current browser.</doc>
<status status="PASS" starttime="20210226 15:48:45.396" endtime="20210226 15:48:47.716"></status>
</kw>
<status status="PASS" starttime="20210226 15:48:45.396" endtime="20210226 15:48:47.716"></status>
</kw>
<doc>CNS Portal Login</doc>
<tags>
<tag>functional test</tag>
</tags>
<status status="PASS" starttime="20210226 15:48:29.463" endtime="20210226 15:48:47.717" critical="yes"></status>
</test>
<doc>Basic CNS Portal Login</doc>
<status status="PASS" starttime="20210226 15:48:28.954" endtime="20210226 15:48:47.724"></status>
</suite>
<statistics>
<total>
<stat pass="1" fail="0">Critical Tests</stat>
<stat pass="1" fail="0">All Tests</stat>
</total>
<tag>
<stat pass="1" fail="0">functional test</stat>
</tag>
<suite>
<stat pass="1" fail="0" id="s1" name="PortalLogin">PortalLogin</stat>
</suite>
</statistics>
<errors>
</errors>
</robot>
